<?xml version="1.0" encoding="UTF-8"?>
<coverage generated="1637786349">
  <project timestamp="1637786349">
    <file name="/mnt/src/Iterator.php">
      <class name="PhpRs\Iterator" namespace="global">
        <metrics complexity="20" methods="13" coveredmethods="11" conditionals="0" coveredconditionals="0" statements="28" coveredstatements="20" elements="41" coveredelements="31"/>
      </class>
      <line num="15" type="stmt" count="1"/>
      <line num="20" type="method" name="__construct" visibility="protected" complexity="1" crap="1" count="12"/>
      <line num="22" type="stmt" count="12"/>
      <line num="29" type="method" name="from" visibility="public" complexity="2" crap="2" count="12"/>
      <line num="31" type="stmt" count="12"/>
      <line num="33" type="stmt" count="1"/>
      <line num="37" type="stmt" count="12"/>
      <line num="43" type="method" name="getNext" visibility="public" complexity="2" crap="2" count="3"/>
      <line num="45" type="stmt" count="3"/>
      <line num="46" type="stmt" count="3"/>
      <line num="48" type="stmt" count="3"/>
      <line num="54" type="method" name="current" visibility="public" complexity="1" crap="1" count="11"/>
      <line num="56" type="stmt" count="11"/>
      <line num="59" type="method" name="next" visibility="public" complexity="1" crap="1" count="11"/>
      <line num="61" type="stmt" count="11"/>
      <line num="62" type="stmt" count="11"/>
      <line num="64" type="method" name="key" visibility="public" complexity="1" crap="1" count="6"/>
      <line num="66" type="stmt" count="6"/>
      <line num="69" type="method" name="valid" visibility="public" complexity="1" crap="1" count="11"/>
      <line num="71" type="stmt" count="11"/>
      <line num="74" type="method" name="rewind" visibility="public" complexity="1" crap="1" count="6"/>
      <line num="76" type="stmt" count="6"/>
      <line num="77" type="stmt" count="6"/>
      <line num="84" type="method" name="map" visibility="public" complexity="1" crap="1" count="3"/>
      <line num="86" type="stmt" count="3"/>
      <line num="93" type="method" name="filter" visibility="public" complexity="1" crap="1" count="7"/>
      <line num="95" type="stmt" count="7"/>
      <line num="102" type="method" name="find" visibility="public" complexity="4" crap="4" count="8"/>
      <line num="104" type="stmt" count="8"/>
      <line num="105" type="stmt" count="8"/>
      <line num="108" type="stmt" count="8"/>
      <line num="114" type="method" name="collect" visibility="public" complexity="2" crap="6" count="0"/>
      <line num="116" type="stmt" count="0"/>
      <line num="117" type="stmt" count="0"/>
      <line num="118" type="stmt" count="0"/>
      <line num="121" type="stmt" count="0"/>
      <line num="127" type="method" name="collectAssoc" visibility="public" complexity="2" crap="6" count="0"/>
      <line num="129" type="stmt" count="0"/>
      <line num="130" type="stmt" count="0"/>
      <line num="131" type="stmt" count="0"/>
      <line num="134" type="stmt" count="0"/>
      <line num="136" type="stmt" count="1"/>
      <metrics loc="135" ncloc="97" classes="1" methods="13" coveredmethods="11" conditionals="0" coveredconditionals="0" statements="29" coveredstatements="21" elements="42" coveredelements="32"/>
    </file>
    <file name="/mnt/src/Iterator/Filter.php">
      <class name="PhpRs\Iterator\Filter" namespace="global">
        <metrics complexity="2" methods="2" coveredmethods="2" conditionals="0" coveredconditionals="0" statements="6" coveredstatements="6" elements="8" coveredelements="8"/>
      </class>
      <line num="19" type="method" name="__construct" visibility="public" complexity="1" crap="1" count="7"/>
      <line num="23" type="stmt" count="7"/>
      <line num="24" type="stmt" count="7"/>
      <line num="25" type="stmt" count="7"/>
      <line num="32" type="method" name="valid" visibility="public" complexity="1" crap="1" count="7"/>
      <line num="35" type="stmt" count="7"/>
      <line num="37" type="stmt" count="7"/>
      <line num="39" type="stmt" count="1"/>
      <metrics loc="38" ncloc="26" classes="1" methods="2" coveredmethods="2" conditionals="0" coveredconditionals="0" statements="6" coveredstatements="6" elements="8" coveredelements="8"/>
    </file>
    <file name="/mnt/src/Iterator/Iter.php">
      <line num="11" type="stmt" count="1"/>
      <line num="32" type="stmt" count="1"/>
      <metrics loc="31" ncloc="15" classes="0" methods="0" coveredmethods="0" conditionals="0" coveredconditionals="0" statements="1" coveredstatements="1" elements="1" coveredelements="1"/>
    </file>
    <file name="/mnt/src/Iterator/Map.php">
      <class name="PhpRs\Iterator\Map" namespace="global">
        <metrics complexity="2" methods="2" coveredmethods="2" conditionals="0" coveredconditionals="0" statements="6" coveredstatements="6" elements="8" coveredelements="8"/>
      </class>
      <line num="18" type="method" name="__construct" visibility="public" complexity="1" crap="1" count="3"/>
      <line num="22" type="stmt" count="3"/>
      <line num="23" type="stmt" count="3"/>
      <line num="24" type="stmt" count="3"/>
      <line num="29" type="method" name="current" visibility="public" complexity="1" crap="1" count="2"/>
      <line num="31" type="stmt" count="2"/>
      <line num="32" type="stmt" count="2"/>
      <line num="34" type="stmt" count="1"/>
      <metrics loc="33" ncloc="24" classes="1" methods="2" coveredmethods="2" conditionals="0" coveredconditionals="0" statements="6" coveredstatements="6" elements="8" coveredelements="8"/>
    </file>
    <file name="/mnt/src/Option.php">
      <class name="PhpRs\Option" namespace="global">
        <metrics complexity="6" methods="4" coveredmethods="3" conditionals="0" coveredconditionals="0" statements="8" coveredstatements="7" elements="12" coveredelements="10"/>
      </class>
      <line num="49" type="method" name="None" visibility="public" complexity="1" crap="1" count="36"/>
      <line num="51" type="stmt" count="36"/>
      <line num="97" type="method" name="isNone" visibility="public" complexity="1" crap="1" count="10"/>
      <line num="98" type="stmt" count="10"/>
      <line num="106" type="method" name="Some" visibility="public" complexity="2" crap="2.15" count="41"/>
      <line num="108" type="stmt" count="41"/>
      <line num="109" type="stmt" count="0"/>
      <line num="112" type="stmt" count="41"/>
      <line num="121" type="method" name="from" visibility="public" complexity="2" crap="2" count="6"/>
      <line num="123" type="stmt" count="6"/>
      <line num="124" type="stmt" count="2"/>
      <line num="127" type="stmt" count="4"/>
      <line num="129" type="stmt" count="1"/>
      <metrics loc="128" ncloc="63" classes="1" methods="4" coveredmethods="3" conditionals="0" coveredconditionals="0" statements="8" coveredstatements="7" elements="12" coveredelements="10"/>
    </file>
    <file name="/mnt/src/Option/None.php">
      <class name="PhpRs\Option\None" namespace="global">
        <metrics complexity="17" methods="13" coveredmethods="9" conditionals="0" coveredconditionals="0" statements="26" coveredstatements="22" elements="39" coveredelements="31"/>
      </class>
      <line num="21" type="method" name="instance" visibility="public" complexity="2" crap="2" count="36"/>
      <line num="23" type="stmt" count="36"/>
      <line num="24" type="stmt" count="36"/>
      <line num="25" type="stmt" count="1"/>
      <line num="28" type="stmt" count="36"/>
      <line num="31" type="method" name="map" visibility="public" complexity="1" crap="1" count="2"/>
      <line num="33" type="stmt" count="2"/>
      <line num="36" type="method" name="isSome" visibility="public" complexity="1" crap="1" count="9"/>
      <line num="38" type="stmt" count="9"/>
      <line num="48" type="method" name="unwrap" visibility="public" complexity="1" crap="1.12" count="1"/>
      <line num="50" type="stmt" count="1"/>
      <line num="51" type="stmt" count="0"/>
      <line num="53" type="method" name="expect" visibility="public" complexity="1" crap="1.12" count="1"/>
      <line num="55" type="stmt" count="1"/>
      <line num="56" type="stmt" count="0"/>
      <line num="58" type="method" name="unwrap_or" visibility="public" complexity="2" crap="2" count="3"/>
      <line num="60" type="stmt" count="3"/>
      <line num="61" type="stmt" count="1"/>
      <line num="64" type="stmt" count="2"/>
      <line num="67" type="method" name="unwrap_or_else" visibility="public" complexity="2" crap="2.06" count="1"/>
      <line num="69" type="stmt" count="1"/>
      <line num="70" type="stmt" count="1"/>
      <line num="71" type="stmt" count="0"/>
      <line num="74" type="stmt" count="1"/>
      <line num="77" type="method" name="filter" visibility="public" complexity="1" crap="1" count="1"/>
      <line num="79" type="stmt" count="1"/>
      <line num="82" type="method" name="flatten" visibility="public" complexity="1" crap="1" count="1"/>
      <line num="84" type="stmt" count="1"/>
      <line num="87" type="method" name="mapOr" visibility="public" complexity="1" crap="1" count="1"/>
      <line num="89" type="stmt" count="1"/>
      <line num="92" type="method" name="andThen" visibility="public" complexity="1" crap="1" count="1"/>
      <line num="94" type="stmt" count="1"/>
      <line num="97" type="method" name="orElse" visibility="public" complexity="2" crap="2" count="3"/>
      <line num="99" type="stmt" count="3"/>
      <line num="100" type="stmt" count="3"/>
      <line num="101" type="stmt" count="1"/>
      <line num="104" type="stmt" count="2"/>
      <line num="107" type="method" name="iter" visibility="public" complexity="1" crap="2" count="0"/>
      <line num="109" type="stmt" count="0"/>
      <line num="111" type="stmt" count="1"/>
      <metrics loc="110" ncloc="95" classes="1" methods="13" coveredmethods="9" conditionals="0" coveredconditionals="0" statements="26" coveredstatements="22" elements="39" coveredelements="31"/>
    </file>
    <file name="/mnt/src/Option/Some.php">
      <class name="PhpRs\Option\Some" namespace="global">
        <metrics complexity="17" methods="13" coveredmethods="11" conditionals="0" coveredconditionals="0" statements="23" coveredstatements="21" elements="36" coveredelements="32"/>
      </class>
      <line num="24" type="method" name="__construct" visibility="public" complexity="1" crap="1" count="41"/>
      <line num="26" type="stmt" count="41"/>
      <line num="27" type="stmt" count="41"/>
      <line num="32" type="method" name="unwrap" visibility="public" complexity="1" crap="1" count="14"/>
      <line num="34" type="stmt" count="14"/>
      <line num="37" type="method" name="expect" visibility="public" complexity="1" crap="1" count="1"/>
      <line num="39" type="stmt" count="1"/>
      <line num="47" type="method" name="map" visibility="public" complexity="1" crap="1" count="3"/>
      <line num="50" type="stmt" count="3"/>
      <line num="53" type="method" name="isSome" visibility="public" complexity="1" crap="1" count="9"/>
      <line num="55" type="stmt" count="9"/>
      <line num="58" type="method" name="unwrap_or" visibility="public" complexity="2" crap="2.15" count="7"/>
      <line num="60" type="stmt" count="7"/>
      <line num="61" type="stmt" count="0"/>
      <line num="64" type="stmt" count="7"/>
      <line num="67" type="method" name="unwrap_or_else" visibility="public" complexity="1" crap="1" count="2"/>
      <line num="69" type="stmt" count="2"/>
      <line num="72" type="method" name="filter" visibility="public" complexity="2" crap="2" count="2"/>
      <line num="74" type="stmt" count="2"/>
      <line num="75" type="stmt" count="1"/>
      <line num="78" type="stmt" count="1"/>
      <line num="81" type="method" name="flatten" visibility="public" complexity="2" crap="2" count="3"/>
      <line num="83" type="stmt" count="3"/>
      <line num="84" type="stmt" count="2"/>
      <line num="87" type="stmt" count="1"/>
      <line num="90" type="method" name="mapOr" visibility="public" complexity="1" crap="1" count="1"/>
      <line num="92" type="stmt" count="1"/>
      <line num="95" type="method" name="andThen" visibility="public" complexity="2" crap="2" count="3"/>
      <line num="97" type="stmt" count="3"/>
      <line num="98" type="stmt" count="3"/>
      <line num="99" type="stmt" count="1"/>
      <line num="102" type="stmt" count="2"/>
      <line num="105" type="method" name="orElse" visibility="public" complexity="1" crap="1" count="1"/>
      <line num="107" type="stmt" count="1"/>
      <line num="113" type="method" name="iter" visibility="public" complexity="1" crap="2" count="0"/>
      <line num="115" type="stmt" count="0"/>
      <line num="117" type="stmt" count="1"/>
      <metrics loc="116" ncloc="96" classes="1" methods="13" coveredmethods="11" conditionals="0" coveredconditionals="0" statements="23" coveredstatements="21" elements="36" coveredelements="32"/>
    </file>
    <file name="/mnt/src/PanicHandler/Panic.php">
      <class name="PhpRs\PanicHandler\Panic" namespace="global">
        <metrics complexity="5" methods="4" coveredmethods="3" conditionals="0" coveredconditionals="0" statements="11" coveredstatements="9" elements="15" coveredelements="12"/>
      </class>
      <line num="17" type="method" name="registerPanicCallback" visibility="public" complexity="1" crap="1" count="32"/>
      <line num="19" type="stmt" count="32"/>
      <line num="20" type="stmt" count="32"/>
      <line num="22" type="method" name="clearPanicCallback" visibility="public" complexity="1" crap="1" count="32"/>
      <line num="24" type="stmt" count="32"/>
      <line num="25" type="stmt" count="32"/>
      <line num="27" type="method" name="registerPanicHandler" visibility="public" complexity="1" crap="1" count="32"/>
      <line num="29" type="stmt" count="32"/>
      <line num="30" type="stmt" count="32"/>
      <line num="37" type="method" name="panic" visibility="public" complexity="2" crap="2.26" count="5"/>
      <line num="39" type="stmt" count="5"/>
      <line num="41" type="stmt" count="5"/>
      <line num="42" type="stmt" count="0"/>
      <line num="45" type="stmt" count="5"/>
      <line num="46" type="stmt" count="0"/>
      <line num="47" type="stmt" count="1"/>
      <metrics loc="46" ncloc="37" classes="1" methods="4" coveredmethods="3" conditionals="0" coveredconditionals="0" statements="11" coveredstatements="9" elements="15" coveredelements="12"/>
    </file>
    <file name="/mnt/src/PanicHandler/PanicHandler.php">
      <class name="PhpRs\PanicHandler\PanicHandler" namespace="global">
        <metrics complexity="2" methods="1" coveredmethods="0" conditionals="0" coveredconditionals="0" statements="3" coveredstatements="0" elements="4" coveredelements="0"/>
      </class>
      <line num="8" type="stmt" count="0"/>
      <line num="16" type="method" name="panic" visibility="public" complexity="2" crap="6" count="0"/>
      <line num="20" type="stmt" count="0"/>
      <line num="21" type="stmt" count="0"/>
      <line num="25" type="stmt" count="0"/>
      <line num="27" type="stmt" count="0"/>
      <metrics loc="26" ncloc="19" classes="1" methods="1" coveredmethods="0" conditionals="0" coveredconditionals="0" statements="4" coveredstatements="0" elements="5" coveredelements="0"/>
    </file>
    <file name="/mnt/src/PanicHandler/PanicHandlerInterface.php">
      <line num="10" type="stmt" count="1"/>
      <metrics loc="9" ncloc="8" classes="0" methods="0" coveredmethods="0" conditionals="0" coveredconditionals="0" statements="0" coveredstatements="0" elements="0" coveredelements="0"/>
    </file>
    <file name="/mnt/src/Vec.php">
      <class name="PhpRs\Vec" namespace="global">
        <metrics complexity="0" methods="0" coveredmethods="0" conditionals="0" coveredconditionals="0" statements="0" coveredstatements="0" elements="0" coveredelements="0"/>
      </class>
      <line num="9" type="stmt" count="0"/>
      <metrics loc="8" ncloc="8" classes="0" methods="0" coveredmethods="0" conditionals="0" coveredconditionals="0" statements="0" coveredstatements="0" elements="0" coveredelements="0"/>
    </file>
    <metrics files="11" loc="680" ncloc="488" classes="8" methods="52" coveredmethods="41" conditionals="0" coveredconditionals="0" statements="114" coveredstatements="93" elements="166" coveredelements="134"/>
  </project>
</coverage>
